{"/private/var/www/class/rocketseat/desafios/go-marketplace/app/src/components/FloatingCart/index.tsx": {"path":"/private/var/www/class/rocketseat/desafios/go-marketplace/app/src/components/FloatingCart/index.tsx","statementMap":{"0":{"start":{"line":21,"column":31},"end":{"line":53,"column":1}},"1":{"start":{"line":22,"column":23},"end":{"line":22,"column":32}},"2":{"start":{"line":24,"column":21},"end":{"line":24,"column":36}},"3":{"start":{"line":26,"column":20},"end":{"line":30,"column":16}},"4":{"start":{"line":29,"column":4},"end":{"line":29,"column":26}},"5":{"start":{"line":32,"column":27},"end":{"line":36,"column":16}},"6":{"start":{"line":35,"column":4},"end":{"line":35,"column":13}},"7":{"start":{"line":38,"column":2},"end":{"line":52,"column":4}},"8":{"start":{"line":42,"column":23},"end":{"line":42,"column":50}}},"fnMap":{"0":{"name":"(anonymous_0)","decl":{"start":{"line":21,"column":31},"end":{"line":21,"column":32}},"loc":{"start":{"line":21,"column":37},"end":{"line":53,"column":1}},"line":21},"1":{"name":"(anonymous_1)","decl":{"start":{"line":26,"column":28},"end":{"line":26,"column":29}},"loc":{"start":{"line":26,"column":34},"end":{"line":30,"column":3}},"line":26},"2":{"name":"(anonymous_2)","decl":{"start":{"line":32,"column":35},"end":{"line":32,"column":36}},"loc":{"start":{"line":32,"column":41},"end":{"line":36,"column":3}},"line":32},"3":{"name":"(anonymous_3)","decl":{"start":{"line":42,"column":17},"end":{"line":42,"column":18}},"loc":{"start":{"line":42,"column":23},"end":{"line":42,"column":50}},"line":42}},"branchMap":{},"s":{"0":2,"1":7,"2":7,"3":7,"4":5,"5":7,"6":5,"7":7,"8":1},"f":{"0":7,"1":5,"2":5,"3":1},"b":{},"_coverageSchema":"43e27e138ebf9cfc5966b082cf9a028302ed4184","hash":"65c3364ce66663c96bf03bec126159c45cb38d46"}
,"/private/var/www/class/rocketseat/desafios/go-marketplace/app/src/components/FloatingCart/styles.ts": {"path":"/private/var/www/class/rocketseat/desafios/go-marketplace/app/src/components/FloatingCart/styles.ts","statementMap":{"0":{"start":{"line":3,"column":25},"end":{"line":13,"column":1}},"1":{"start":{"line":15,"column":27},"end":{"line":17,"column":1}},"2":{"start":{"line":19,"column":30},"end":{"line":23,"column":1}},"3":{"start":{"line":25,"column":26},"end":{"line":33,"column":1}},"4":{"start":{"line":35,"column":30},"end":{"line":41,"column":1}}},"fnMap":{},"branchMap":{},"s":{"0":2,"1":2,"2":2,"3":2,"4":2},"f":{},"b":{},"_coverageSchema":"43e27e138ebf9cfc5966b082cf9a028302ed4184","hash":"6cefbe938cd3aeb4d6372f6d4f870d84a7993023"}
,"/private/var/www/class/rocketseat/desafios/go-marketplace/app/src/hooks/cart.tsx": {"path":"/private/var/www/class/rocketseat/desafios/go-marketplace/app/src/hooks/cart.tsx","statementMap":{"0":{"start":{"line":26,"column":20},"end":{"line":26,"column":59}},"1":{"start":{"line":28,"column":31},"end":{"line":57,"column":1}},"2":{"start":{"line":29,"column":34},"end":{"line":29,"column":57}},"3":{"start":{"line":31,"column":2},"end":{"line":37,"column":9}},"4":{"start":{"line":36,"column":4},"end":{"line":36,"column":19}},"5":{"start":{"line":39,"column":20},"end":{"line":41,"column":8}},"6":{"start":{"line":43,"column":20},"end":{"line":45,"column":8}},"7":{"start":{"line":47,"column":20},"end":{"line":49,"column":8}},"8":{"start":{"line":51,"column":16},"end":{"line":54,"column":3}},"9":{"start":{"line":52,"column":11},"end":{"line":52,"column":56}},"10":{"start":{"line":56,"column":2},"end":{"line":56,"column":79}},"11":{"start":{"line":60,"column":18},"end":{"line":60,"column":41}},"12":{"start":{"line":62,"column":2},"end":{"line":64,"column":3}},"13":{"start":{"line":63,"column":4},"end":{"line":63,"column":66}},"14":{"start":{"line":66,"column":2},"end":{"line":66,"column":17}}},"fnMap":{"0":{"name":"(anonymous_0)","decl":{"start":{"line":28,"column":31},"end":{"line":28,"column":32}},"loc":{"start":{"line":28,"column":49},"end":{"line":57,"column":1}},"line":28},"1":{"name":"(anonymous_1)","decl":{"start":{"line":31,"column":12},"end":{"line":31,"column":13}},"loc":{"start":{"line":31,"column":18},"end":{"line":37,"column":3}},"line":31},"2":{"name":"loadProducts","decl":{"start":{"line":32,"column":19},"end":{"line":32,"column":31}},"loc":{"start":{"line":32,"column":49},"end":{"line":34,"column":5}},"line":32},"3":{"name":"(anonymous_3)","decl":{"start":{"line":39,"column":32},"end":{"line":39,"column":33}},"loc":{"start":{"line":39,"column":49},"end":{"line":41,"column":3}},"line":39},"4":{"name":"(anonymous_4)","decl":{"start":{"line":43,"column":32},"end":{"line":43,"column":33}},"loc":{"start":{"line":43,"column":44},"end":{"line":45,"column":3}},"line":43},"5":{"name":"(anonymous_5)","decl":{"start":{"line":47,"column":32},"end":{"line":47,"column":33}},"loc":{"start":{"line":47,"column":44},"end":{"line":49,"column":3}},"line":47},"6":{"name":"(anonymous_6)","decl":{"start":{"line":52,"column":4},"end":{"line":52,"column":5}},"loc":{"start":{"line":52,"column":11},"end":{"line":52,"column":56}},"line":52},"7":{"name":"useCart","decl":{"start":{"line":59,"column":9},"end":{"line":59,"column":16}},"loc":{"start":{"line":59,"column":32},"end":{"line":67,"column":1}},"line":59}},"branchMap":{"0":{"loc":{"start":{"line":62,"column":2},"end":{"line":64,"column":3}},"type":"if","locations":[{"start":{"line":62,"column":2},"end":{"line":64,"column":3}},{"start":{"line":62,"column":2},"end":{"line":64,"column":3}}],"line":62}},"s":{"0":1,"1":1,"2":5,"3":5,"4":5,"5":5,"6":5,"7":5,"8":5,"9":5,"10":5,"11":5,"12":5,"13":0,"14":5},"f":{"0":5,"1":5,"2":5,"3":4,"4":3,"5":2,"6":5,"7":5},"b":{"0":[0,5]},"_coverageSchema":"43e27e138ebf9cfc5966b082cf9a028302ed4184","hash":"94e8c9ed735c768c387985cfd5e4439e744b5a5c"}
,"/private/var/www/class/rocketseat/desafios/go-marketplace/app/src/pages/Cart/index.tsx": {"path":"/private/var/www/class/rocketseat/desafios/go-marketplace/app/src/pages/Cart/index.tsx","statementMap":{"0":{"start":{"line":38,"column":23},"end":{"line":115,"column":1}},"1":{"start":{"line":39,"column":45},"end":{"line":39,"column":54}},"2":{"start":{"line":49,"column":20},"end":{"line":53,"column":16}},"3":{"start":{"line":52,"column":4},"end":{"line":52,"column":26}},"4":{"start":{"line":55,"column":27},"end":{"line":59,"column":16}},"5":{"start":{"line":58,"column":4},"end":{"line":58,"column":13}},"6":{"start":{"line":61,"column":2},"end":{"line":114,"column":4}},"7":{"start":{"line":66,"column":32},"end":{"line":66,"column":39}},"8":{"start":{"line":72,"column":12},"end":{"line":104,"column":22}},"9":{"start":{"line":93,"column":33},"end":{"line":93,"column":57}},"10":{"start":{"line":99,"column":33},"end":{"line":99,"column":57}}},"fnMap":{"0":{"name":"(anonymous_0)","decl":{"start":{"line":38,"column":23},"end":{"line":38,"column":24}},"loc":{"start":{"line":38,"column":29},"end":{"line":115,"column":1}},"line":38},"1":{"name":"handleIncrement","decl":{"start":{"line":41,"column":11},"end":{"line":41,"column":26}},"loc":{"start":{"line":41,"column":45},"end":{"line":43,"column":3}},"line":41},"2":{"name":"handleDecrement","decl":{"start":{"line":45,"column":11},"end":{"line":45,"column":26}},"loc":{"start":{"line":45,"column":45},"end":{"line":47,"column":3}},"line":45},"3":{"name":"(anonymous_3)","decl":{"start":{"line":49,"column":28},"end":{"line":49,"column":29}},"loc":{"start":{"line":49,"column":34},"end":{"line":53,"column":3}},"line":49},"4":{"name":"(anonymous_4)","decl":{"start":{"line":55,"column":35},"end":{"line":55,"column":36}},"loc":{"start":{"line":55,"column":41},"end":{"line":59,"column":3}},"line":55},"5":{"name":"(anonymous_5)","decl":{"start":{"line":66,"column":24},"end":{"line":66,"column":25}},"loc":{"start":{"line":66,"column":32},"end":{"line":66,"column":39}},"line":66},"6":{"name":"(anonymous_6)","decl":{"start":{"line":71,"column":22},"end":{"line":71,"column":23}},"loc":{"start":{"line":72,"column":12},"end":{"line":104,"column":22}},"line":72},"7":{"name":"(anonymous_7)","decl":{"start":{"line":93,"column":27},"end":{"line":93,"column":28}},"loc":{"start":{"line":93,"column":33},"end":{"line":93,"column":57}},"line":93},"8":{"name":"(anonymous_8)","decl":{"start":{"line":99,"column":27},"end":{"line":99,"column":28}},"loc":{"start":{"line":99,"column":33},"end":{"line":99,"column":57}},"line":99}},"branchMap":{},"s":{"0":1,"1":5,"2":5,"3":5,"4":5,"5":5,"6":5,"7":8,"8":8,"9":1,"10":1},"f":{"0":5,"1":1,"2":1,"3":5,"4":5,"5":8,"6":8,"7":1,"8":1},"b":{},"_coverageSchema":"43e27e138ebf9cfc5966b082cf9a028302ed4184","hash":"b007c9d6b7608eacc1f7e121754d76f561b1cdf5"}
,"/private/var/www/class/rocketseat/desafios/go-marketplace/app/src/pages/Cart/styles.ts": {"path":"/private/var/www/class/rocketseat/desafios/go-marketplace/app/src/pages/Cart/styles.ts","statementMap":{"0":{"start":{"line":4,"column":25},"end":{"line":7,"column":1}},"1":{"start":{"line":9,"column":32},"end":{"line":14,"column":1}},"2":{"start":{"line":16,"column":27},"end":{"line":19,"column":1}},"3":{"start":{"line":21,"column":23},"end":{"line":28,"column":1}},"4":{"start":{"line":30,"column":28},"end":{"line":33,"column":1}},"5":{"start":{"line":35,"column":37},"end":{"line":38,"column":1}},"6":{"start":{"line":40,"column":28},"end":{"line":42,"column":1}},"7":{"start":{"line":44,"column":37},"end":{"line":46,"column":1}},"8":{"start":{"line":48,"column":30},"end":{"line":51,"column":1}},"9":{"start":{"line":53,"column":34},"end":{"line":57,"column":1}},"10":{"start":{"line":59,"column":28},"end":{"line":65,"column":1}},"11":{"start":{"line":67,"column":31},"end":{"line":74,"column":1}},"12":{"start":{"line":76,"column":31},"end":{"line":82,"column":1}},"13":{"start":{"line":84,"column":28},"end":{"line":89,"column":1}},"14":{"start":{"line":91,"column":38},"end":{"line":101,"column":1}},"15":{"start":{"line":103,"column":33},"end":{"line":110,"column":1}},"16":{"start":{"line":112,"column":29},"end":{"line":116,"column":1}}},"fnMap":{},"branchMap":{},"s":{"0":1,"1":1,"2":1,"3":1,"4":1,"5":1,"6":1,"7":1,"8":1,"9":1,"10":1,"11":1,"12":1,"13":1,"14":1,"15":1,"16":1},"f":{},"b":{},"_coverageSchema":"43e27e138ebf9cfc5966b082cf9a028302ed4184","hash":"faa497f4a187c45a3db6146b9cafe8ec2d6e4e58"}
,"/private/var/www/class/rocketseat/desafios/go-marketplace/app/src/pages/Dashboard/index.tsx": {"path":"/private/var/www/class/rocketseat/desafios/go-marketplace/app/src/pages/Dashboard/index.tsx","statementMap":{"0":{"start":{"line":31,"column":28},"end":{"line":79,"column":1}},"1":{"start":{"line":32,"column":24},"end":{"line":32,"column":33}},"2":{"start":{"line":34,"column":34},"end":{"line":34,"column":57}},"3":{"start":{"line":36,"column":2},"end":{"line":43,"column":9}},"4":{"start":{"line":38,"column":23},"end":{"line":38,"column":49}},"5":{"start":{"line":39,"column":6},"end":{"line":39,"column":33}},"6":{"start":{"line":42,"column":4},"end":{"line":42,"column":19}},"7":{"start":{"line":46,"column":4},"end":{"line":46,"column":20}},"8":{"start":{"line":49,"column":2},"end":{"line":78,"column":4}},"9":{"start":{"line":54,"column":32},"end":{"line":54,"column":39}},"10":{"start":{"line":60,"column":12},"end":{"line":72,"column":22}},"11":{"start":{"line":67,"column":33},"end":{"line":67,"column":54}}},"fnMap":{"0":{"name":"(anonymous_0)","decl":{"start":{"line":31,"column":28},"end":{"line":31,"column":29}},"loc":{"start":{"line":31,"column":34},"end":{"line":79,"column":1}},"line":31},"1":{"name":"(anonymous_1)","decl":{"start":{"line":36,"column":12},"end":{"line":36,"column":13}},"loc":{"start":{"line":36,"column":18},"end":{"line":43,"column":3}},"line":36},"2":{"name":"loadProducts","decl":{"start":{"line":37,"column":19},"end":{"line":37,"column":31}},"loc":{"start":{"line":37,"column":49},"end":{"line":40,"column":5}},"line":37},"3":{"name":"handleAddToCart","decl":{"start":{"line":45,"column":11},"end":{"line":45,"column":26}},"loc":{"start":{"line":45,"column":48},"end":{"line":47,"column":3}},"line":45},"4":{"name":"(anonymous_4)","decl":{"start":{"line":54,"column":24},"end":{"line":54,"column":25}},"loc":{"start":{"line":54,"column":32},"end":{"line":54,"column":39}},"line":54},"5":{"name":"(anonymous_5)","decl":{"start":{"line":59,"column":22},"end":{"line":59,"column":23}},"loc":{"start":{"line":60,"column":12},"end":{"line":72,"column":22}},"line":60},"6":{"name":"(anonymous_6)","decl":{"start":{"line":67,"column":27},"end":{"line":67,"column":28}},"loc":{"start":{"line":67,"column":33},"end":{"line":67,"column":54}},"line":67}},"branchMap":{},"s":{"0":1,"1":4,"2":4,"3":4,"4":2,"5":2,"6":2,"7":1,"8":4,"9":4,"10":4,"11":1},"f":{"0":4,"1":2,"2":2,"3":1,"4":4,"5":4,"6":1},"b":{},"_coverageSchema":"43e27e138ebf9cfc5966b082cf9a028302ed4184","hash":"12b023626a13c1a13d7af860f9e4d0ded7ea4cb4"}
,"/private/var/www/class/rocketseat/desafios/go-marketplace/app/src/pages/Dashboard/styles.ts": {"path":"/private/var/www/class/rocketseat/desafios/go-marketplace/app/src/pages/Dashboard/styles.ts","statementMap":{"0":{"start":{"line":4,"column":25},"end":{"line":7,"column":1}},"1":{"start":{"line":9,"column":32},"end":{"line":14,"column":1}},"2":{"start":{"line":16,"column":27},"end":{"line":21,"column":1}},"3":{"start":{"line":23,"column":23},"end":{"line":29,"column":1}},"4":{"start":{"line":31,"column":28},"end":{"line":35,"column":1}},"5":{"start":{"line":37,"column":28},"end":{"line":40,"column":1}},"6":{"start":{"line":42,"column":30},"end":{"line":48,"column":1}},"7":{"start":{"line":50,"column":28},"end":{"line":54,"column":1}},"8":{"start":{"line":56,"column":29},"end":{"line":56,"column":54}}},"fnMap":{},"branchMap":{},"s":{"0":1,"1":1,"2":1,"3":1,"4":1,"5":1,"6":1,"7":1,"8":1},"f":{},"b":{},"_coverageSchema":"43e27e138ebf9cfc5966b082cf9a028302ed4184","hash":"78851cefa3015023ba1b5635c8b5eb0f0db10ab6"}
,"/private/var/www/class/rocketseat/desafios/go-marketplace/app/src/services/api.ts": {"path":"/private/var/www/class/rocketseat/desafios/go-marketplace/app/src/services/api.ts","statementMap":{"0":{"start":{"line":3,"column":12},"end":{"line":5,"column":2}}},"fnMap":{},"branchMap":{},"s":{"0":1},"f":{},"b":{},"_coverageSchema":"43e27e138ebf9cfc5966b082cf9a028302ed4184","hash":"01d9800fda410979a45bcddcc43c497fa17a0d01"}
,"/private/var/www/class/rocketseat/desafios/go-marketplace/app/src/utils/formatValue.ts": {"path":"/private/var/www/class/rocketseat/desafios/go-marketplace/app/src/utils/formatValue.ts","statementMap":{"0":{"start":{"line":1,"column":20},"end":{"line":5,"column":18}},"1":{"start":{"line":2,"column":2},"end":{"line":5,"column":18}}},"fnMap":{"0":{"name":"(anonymous_0)","decl":{"start":{"line":1,"column":20},"end":{"line":1,"column":21}},"loc":{"start":{"line":2,"column":2},"end":{"line":5,"column":18}},"line":2}},"branchMap":{},"s":{"0":1,"1":6},"f":{"0":6},"b":{},"_coverageSchema":"43e27e138ebf9cfc5966b082cf9a028302ed4184","hash":"fdbc537ec0a1bc85195e0f5f54ad828e991a3180"}
}
