TN:
SF:/private/var/www/class/rocketseat/desafios/go-marketplace/app/src/components/FloatingCart/index.tsx
FN:21,(anonymous_0)
FN:26,(anonymous_1)
FN:32,(anonymous_2)
FN:42,(anonymous_3)
FNF:4
FNH:4
FNDA:7,(anonymous_0)
FNDA:5,(anonymous_1)
FNDA:5,(anonymous_2)
FNDA:1,(anonymous_3)
DA:21,2
DA:22,7
DA:24,7
DA:26,7
DA:29,5
DA:32,7
DA:35,5
DA:38,7
DA:42,1
LF:9
LH:9
BRF:0
BRH:0
end_of_record
TN:
SF:/private/var/www/class/rocketseat/desafios/go-marketplace/app/src/components/FloatingCart/styles.ts
FNF:0
FNH:0
DA:3,2
DA:15,2
DA:19,2
DA:25,2
DA:35,2
LF:5
LH:5
BRF:0
BRH:0
end_of_record
TN:
SF:/private/var/www/class/rocketseat/desafios/go-marketplace/app/src/hooks/cart.tsx
FN:28,(anonymous_0)
FN:31,(anonymous_1)
FN:32,loadProducts
FN:39,(anonymous_3)
FN:43,(anonymous_4)
FN:47,(anonymous_5)
FN:52,(anonymous_6)
FN:59,useCart
FNF:8
FNH:8
FNDA:5,(anonymous_0)
FNDA:5,(anonymous_1)
FNDA:5,loadProducts
FNDA:4,(anonymous_3)
FNDA:3,(anonymous_4)
FNDA:2,(anonymous_5)
FNDA:5,(anonymous_6)
FNDA:5,useCart
DA:26,1
DA:28,1
DA:29,5
DA:31,5
DA:36,5
DA:39,5
DA:43,5
DA:47,5
DA:51,5
DA:52,5
DA:56,5
DA:60,5
DA:62,5
DA:63,0
DA:66,5
LF:15
LH:14
BRDA:62,0,0,0
BRDA:62,0,1,5
BRF:2
BRH:1
end_of_record
TN:
SF:/private/var/www/class/rocketseat/desafios/go-marketplace/app/src/pages/Cart/index.tsx
FN:38,(anonymous_0)
FN:41,handleIncrement
FN:45,handleDecrement
FN:49,(anonymous_3)
FN:55,(anonymous_4)
FN:66,(anonymous_5)
FN:71,(anonymous_6)
FN:93,(anonymous_7)
FN:99,(anonymous_8)
FNF:9
FNH:9
FNDA:5,(anonymous_0)
FNDA:1,handleIncrement
FNDA:1,handleDecrement
FNDA:5,(anonymous_3)
FNDA:5,(anonymous_4)
FNDA:8,(anonymous_5)
FNDA:8,(anonymous_6)
FNDA:1,(anonymous_7)
FNDA:1,(anonymous_8)
DA:38,1
DA:39,5
DA:49,5
DA:52,5
DA:55,5
DA:58,5
DA:61,5
DA:66,8
DA:72,8
DA:93,1
DA:99,1
LF:11
LH:11
BRF:0
BRH:0
end_of_record
TN:
SF:/private/var/www/class/rocketseat/desafios/go-marketplace/app/src/pages/Cart/styles.ts
FNF:0
FNH:0
DA:4,1
DA:9,1
DA:16,1
DA:21,1
DA:30,1
DA:35,1
DA:40,1
DA:44,1
DA:48,1
DA:53,1
DA:59,1
DA:67,1
DA:76,1
DA:84,1
DA:91,1
DA:103,1
DA:112,1
LF:17
LH:17
BRF:0
BRH:0
end_of_record
TN:
SF:/private/var/www/class/rocketseat/desafios/go-marketplace/app/src/pages/Dashboard/index.tsx
FN:31,(anonymous_0)
FN:36,(anonymous_1)
FN:37,loadProducts
FN:45,handleAddToCart
FN:54,(anonymous_4)
FN:59,(anonymous_5)
FN:67,(anonymous_6)
FNF:7
FNH:7
FNDA:4,(anonymous_0)
FNDA:2,(anonymous_1)
FNDA:2,loadProducts
FNDA:1,handleAddToCart
FNDA:4,(anonymous_4)
FNDA:4,(anonymous_5)
FNDA:1,(anonymous_6)
DA:31,1
DA:32,4
DA:34,4
DA:36,4
DA:38,2
DA:39,2
DA:42,2
DA:46,1
DA:49,4
DA:54,4
DA:60,4
DA:67,1
LF:12
LH:12
BRF:0
BRH:0
end_of_record
TN:
SF:/private/var/www/class/rocketseat/desafios/go-marketplace/app/src/pages/Dashboard/styles.ts
FNF:0
FNH:0
DA:4,1
DA:9,1
DA:16,1
DA:23,1
DA:31,1
DA:37,1
DA:42,1
DA:50,1
DA:56,1
LF:9
LH:9
BRF:0
BRH:0
end_of_record
TN:
SF:/private/var/www/class/rocketseat/desafios/go-marketplace/app/src/services/api.ts
FNF:0
FNH:0
DA:3,1
LF:1
LH:1
BRF:0
BRH:0
end_of_record
TN:
SF:/private/var/www/class/rocketseat/desafios/go-marketplace/app/src/utils/formatValue.ts
FN:1,(anonymous_0)
FNF:1
FNH:1
FNDA:6,(anonymous_0)
DA:1,1
DA:2,6
LF:2
LH:2
BRF:0
BRH:0
end_of_record
